<?xml version="1.0" encoding="UTF-8"?>
<!-- Generated by org.testng.reporters.JUnitReportReporter -->
<testsuite hostname="DESKTOP-0O9N60N" failures="0" tests="1" name="prasad.TestngPractise" time="3.346" errors="0" timestamp="2022-07-28T16:24:57 IST" skipped="0">
  <testcase classname="prasad.TestngPractise" name="VerifyPagetitle" time="3.346"/>
  <system-out/>
</testsuite> <!-- prasad.TestngPractise -->
